C:\USERS\USER\OF_V0.8.4_VS_RELEASE\APPS\MYAPPS\FISHFRENZY\OBJ\DEBUG\B2CONTACT.OBJ
C:\USERS\USER\OF_V0.8.4_VS_RELEASE\APPS\MYAPPS\FISHFRENZY\OBJ\DEBUG\B2CONTACTSOLVER.OBJ
C:\USERS\USER\OF_V0.8.4_VS_RELEASE\APPS\MYAPPS\FISHFRENZY\OBJ\DEBUG\B2EDGEANDCIRCLECONTACT.OBJ
C:\USERS\USER\OF_V0.8.4_VS_RELEASE\APPS\MYAPPS\FISHFRENZY\OBJ\DEBUG\B2EDGEANDPOLYGONCONTACT.OBJ
C:\USERS\USER\OF_V0.8.4_VS_RELEASE\APPS\MYAPPS\FISHFRENZY\OBJ\DEBUG\B2POLYGONANDCIRCLECONTACT.OBJ
C:\USERS\USER\OF_V0.8.4_VS_RELEASE\APPS\MYAPPS\FISHFRENZY\OBJ\DEBUG\B2POLYGONCONTACT.OBJ
C:\USERS\USER\OF_V0.8.4_VS_RELEASE\APPS\MYAPPS\FISHFRENZY\OBJ\DEBUG\B2DISTANCEJOINT.OBJ
C:\USERS\USER\OF_V0.8.4_VS_RELEASE\APPS\MYAPPS\FISHFRENZY\OBJ\DEBUG\B2FRICTIONJOINT.OBJ
C:\USERS\USER\OF_V0.8.4_VS_RELEASE\APPS\MYAPPS\FISHFRENZY\OBJ\DEBUG\B2GEARJOINT.OBJ
C:\USERS\USER\OF_V0.8.4_VS_RELEASE\APPS\MYAPPS\FISHFRENZY\OBJ\DEBUG\B2JOINT.OBJ
C:\USERS\USER\OF_V0.8.4_VS_RELEASE\APPS\MYAPPS\FISHFRENZY\OBJ\DEBUG\B2MOTORJOINT.OBJ
C:\USERS\USER\OF_V0.8.4_VS_RELEASE\APPS\MYAPPS\FISHFRENZY\OBJ\DEBUG\B2MOUSEJOINT.OBJ
C:\USERS\USER\OF_V0.8.4_VS_RELEASE\APPS\MYAPPS\FISHFRENZY\OBJ\DEBUG\B2PRISMATICJOINT.OBJ
C:\USERS\USER\OF_V0.8.4_VS_RELEASE\APPS\MYAPPS\FISHFRENZY\OBJ\DEBUG\B2PULLEYJOINT.OBJ
C:\USERS\USER\OF_V0.8.4_VS_RELEASE\APPS\MYAPPS\FISHFRENZY\OBJ\DEBUG\B2REVOLUTEJOINT.OBJ
C:\USERS\USER\OF_V0.8.4_VS_RELEASE\APPS\MYAPPS\FISHFRENZY\OBJ\DEBUG\B2ROPEJOINT.OBJ
C:\USERS\USER\OF_V0.8.4_VS_RELEASE\APPS\MYAPPS\FISHFRENZY\OBJ\DEBUG\B2WELDJOINT.OBJ
C:\USERS\USER\OF_V0.8.4_VS_RELEASE\APPS\MYAPPS\FISHFRENZY\OBJ\DEBUG\B2WHEELJOINT.OBJ
C:\USERS\USER\OF_V0.8.4_VS_RELEASE\APPS\MYAPPS\FISHFRENZY\OBJ\DEBUG\B2ROPE.OBJ
C:\USERS\USER\OF_V0.8.4_VS_RELEASE\APPS\MYAPPS\FISHFRENZY\OBJ\DEBUG\DEL_IMPL.OBJ
C:\USERS\USER\OF_V0.8.4_VS_RELEASE\APPS\MYAPPS\FISHFRENZY\OBJ\DEBUG\B2TIMEOFIMPACT.OBJ
C:\USERS\USER\OF_V0.8.4_VS_RELEASE\APPS\MYAPPS\FISHFRENZY\OBJ\DEBUG\B2CHAINSHAPE.OBJ
C:\USERS\USER\OF_V0.8.4_VS_RELEASE\APPS\MYAPPS\FISHFRENZY\OBJ\DEBUG\B2CIRCLESHAPE.OBJ
C:\USERS\USER\OF_V0.8.4_VS_RELEASE\APPS\MYAPPS\FISHFRENZY\OBJ\DEBUG\B2EDGESHAPE.OBJ
C:\USERS\USER\OF_V0.8.4_VS_RELEASE\APPS\MYAPPS\FISHFRENZY\OBJ\DEBUG\B2POLYGONSHAPE.OBJ
C:\USERS\USER\OF_V0.8.4_VS_RELEASE\APPS\MYAPPS\FISHFRENZY\OBJ\DEBUG\B2BLOCKALLOCATOR.OBJ
C:\USERS\USER\OF_V0.8.4_VS_RELEASE\APPS\MYAPPS\FISHFRENZY\OBJ\DEBUG\B2DRAW.OBJ
C:\USERS\USER\OF_V0.8.4_VS_RELEASE\APPS\MYAPPS\FISHFRENZY\OBJ\DEBUG\B2MATH.OBJ
C:\USERS\USER\OF_V0.8.4_VS_RELEASE\APPS\MYAPPS\FISHFRENZY\OBJ\DEBUG\B2SETTINGS.OBJ
C:\USERS\USER\OF_V0.8.4_VS_RELEASE\APPS\MYAPPS\FISHFRENZY\OBJ\DEBUG\B2STACKALLOCATOR.OBJ
C:\USERS\USER\OF_V0.8.4_VS_RELEASE\APPS\MYAPPS\FISHFRENZY\OBJ\DEBUG\B2TIMER.OBJ
C:\USERS\USER\OF_V0.8.4_VS_RELEASE\APPS\MYAPPS\FISHFRENZY\OBJ\DEBUG\B2BODY.OBJ
C:\USERS\USER\OF_V0.8.4_VS_RELEASE\APPS\MYAPPS\FISHFRENZY\OBJ\DEBUG\B2CONTACTMANAGER.OBJ
C:\USERS\USER\OF_V0.8.4_VS_RELEASE\APPS\MYAPPS\FISHFRENZY\OBJ\DEBUG\B2FIXTURE.OBJ
C:\USERS\USER\OF_V0.8.4_VS_RELEASE\APPS\MYAPPS\FISHFRENZY\OBJ\DEBUG\B2ISLAND.OBJ
C:\USERS\USER\OF_V0.8.4_VS_RELEASE\APPS\MYAPPS\FISHFRENZY\OBJ\DEBUG\B2WORLD.OBJ
C:\USERS\USER\OF_V0.8.4_VS_RELEASE\APPS\MYAPPS\FISHFRENZY\OBJ\DEBUG\B2WORLDCALLBACKS.OBJ
C:\USERS\USER\OF_V0.8.4_VS_RELEASE\APPS\MYAPPS\FISHFRENZY\OBJ\DEBUG\B2CHAINANDCIRCLECONTACT.OBJ
C:\USERS\USER\OF_V0.8.4_VS_RELEASE\APPS\MYAPPS\FISHFRENZY\OBJ\DEBUG\B2CHAINANDPOLYGONCONTACT.OBJ
C:\USERS\USER\OF_V0.8.4_VS_RELEASE\APPS\MYAPPS\FISHFRENZY\OBJ\DEBUG\B2CIRCLECONTACT.OBJ
C:\USERS\USER\OF_V0.8.4_VS_RELEASE\APPS\MYAPPS\FISHFRENZY\OBJ\DEBUG\OFXCVGRAYSCALEIMAGE.OBJ
C:\USERS\USER\OF_V0.8.4_VS_RELEASE\APPS\MYAPPS\FISHFRENZY\OBJ\DEBUG\OFXCVHAARFINDER.OBJ
C:\USERS\USER\OF_V0.8.4_VS_RELEASE\APPS\MYAPPS\FISHFRENZY\OBJ\DEBUG\OFXCVIMAGE.OBJ
C:\USERS\USER\OF_V0.8.4_VS_RELEASE\APPS\MYAPPS\FISHFRENZY\OBJ\DEBUG\OFXCVSHORTIMAGE.OBJ
C:\USERS\USER\OF_V0.8.4_VS_RELEASE\APPS\MYAPPS\FISHFRENZY\OBJ\DEBUG\BOID2D.OBJ
C:\USERS\USER\OF_V0.8.4_VS_RELEASE\APPS\MYAPPS\FISHFRENZY\OBJ\DEBUG\BOID3D.OBJ
C:\USERS\USER\OF_V0.8.4_VS_RELEASE\APPS\MYAPPS\FISHFRENZY\OBJ\DEBUG\OFXBOX2D.OBJ
C:\USERS\USER\OF_V0.8.4_VS_RELEASE\APPS\MYAPPS\FISHFRENZY\OBJ\DEBUG\OFXBOX2DBASESHAPE.OBJ
C:\USERS\USER\OF_V0.8.4_VS_RELEASE\APPS\MYAPPS\FISHFRENZY\OBJ\DEBUG\OFXBOX2DCIRCLE.OBJ
C:\USERS\USER\OF_V0.8.4_VS_RELEASE\APPS\MYAPPS\FISHFRENZY\OBJ\DEBUG\OFXBOX2DEDGE.OBJ
C:\USERS\USER\OF_V0.8.4_VS_RELEASE\APPS\MYAPPS\FISHFRENZY\OBJ\DEBUG\OFXBOX2DJOINT.OBJ
C:\USERS\USER\OF_V0.8.4_VS_RELEASE\APPS\MYAPPS\FISHFRENZY\OBJ\DEBUG\OFXBOX2DPOLYGON.OBJ
C:\USERS\USER\OF_V0.8.4_VS_RELEASE\APPS\MYAPPS\FISHFRENZY\OBJ\DEBUG\OFXBOX2DRECT.OBJ
C:\USERS\USER\OF_V0.8.4_VS_RELEASE\APPS\MYAPPS\FISHFRENZY\OBJ\DEBUG\B2BROADPHASE.OBJ
C:\USERS\USER\OF_V0.8.4_VS_RELEASE\APPS\MYAPPS\FISHFRENZY\OBJ\DEBUG\B2COLLIDECIRCLE.OBJ
C:\USERS\USER\OF_V0.8.4_VS_RELEASE\APPS\MYAPPS\FISHFRENZY\OBJ\DEBUG\B2COLLIDEEDGE.OBJ
C:\USERS\USER\OF_V0.8.4_VS_RELEASE\APPS\MYAPPS\FISHFRENZY\OBJ\DEBUG\B2COLLIDEPOLYGON.OBJ
C:\USERS\USER\OF_V0.8.4_VS_RELEASE\APPS\MYAPPS\FISHFRENZY\OBJ\DEBUG\B2COLLISION.OBJ
C:\USERS\USER\OF_V0.8.4_VS_RELEASE\APPS\MYAPPS\FISHFRENZY\OBJ\DEBUG\B2DISTANCE.OBJ
C:\USERS\USER\OF_V0.8.4_VS_RELEASE\APPS\MYAPPS\FISHFRENZY\OBJ\DEBUG\B2DYNAMICTREE.OBJ
C:\USERS\USER\OF_V0.8.4_VS_RELEASE\APPS\MYAPPS\FISHFRENZY\OBJ\DEBUG\MAIN.OBJ
C:\USERS\USER\OF_V0.8.4_VS_RELEASE\APPS\MYAPPS\FISHFRENZY\OBJ\DEBUG\OFXKINECTEXTRAS.OBJ
C:\USERS\USER\OF_V0.8.4_VS_RELEASE\APPS\MYAPPS\FISHFRENZY\OBJ\DEBUG\OFXKINECT.OBJ
C:\USERS\USER\OF_V0.8.4_VS_RELEASE\APPS\MYAPPS\FISHFRENZY\OBJ\DEBUG\FAILGUARD.OBJ
C:\USERS\USER\OF_V0.8.4_VS_RELEASE\APPS\MYAPPS\FISHFRENZY\OBJ\DEBUG\LIBUSBEMU.OBJ
C:\USERS\USER\OF_V0.8.4_VS_RELEASE\APPS\MYAPPS\FISHFRENZY\OBJ\DEBUG\AUDIO.OBJ
C:\USERS\USER\OF_V0.8.4_VS_RELEASE\APPS\MYAPPS\FISHFRENZY\OBJ\DEBUG\CAMERAS.OBJ
C:\USERS\USER\OF_V0.8.4_VS_RELEASE\APPS\MYAPPS\FISHFRENZY\OBJ\DEBUG\CORE.OBJ
C:\USERS\USER\OF_V0.8.4_VS_RELEASE\APPS\MYAPPS\FISHFRENZY\OBJ\DEBUG\FLAGS.OBJ
C:\USERS\USER\OF_V0.8.4_VS_RELEASE\APPS\MYAPPS\FISHFRENZY\OBJ\DEBUG\KEEP_ALIVE.OBJ
C:\USERS\USER\OF_V0.8.4_VS_RELEASE\APPS\MYAPPS\FISHFRENZY\OBJ\DEBUG\LOADER.OBJ
C:\USERS\USER\OF_V0.8.4_VS_RELEASE\APPS\MYAPPS\FISHFRENZY\OBJ\DEBUG\REGISTRATION.OBJ
C:\USERS\USER\OF_V0.8.4_VS_RELEASE\APPS\MYAPPS\FISHFRENZY\OBJ\DEBUG\TILT.OBJ
C:\USERS\USER\OF_V0.8.4_VS_RELEASE\APPS\MYAPPS\FISHFRENZY\OBJ\DEBUG\USB_LIBUSB10.OBJ
C:\USERS\USER\OF_V0.8.4_VS_RELEASE\APPS\MYAPPS\FISHFRENZY\OBJ\DEBUG\OFXCVCOLORIMAGE.OBJ
C:\USERS\USER\OF_V0.8.4_VS_RELEASE\APPS\MYAPPS\FISHFRENZY\OBJ\DEBUG\OFXCVCONTOURFINDER.OBJ
C:\USERS\USER\OF_V0.8.4_VS_RELEASE\APPS\MYAPPS\FISHFRENZY\OBJ\DEBUG\OFXCVFLOATIMAGE.OBJ
C:\USERS\USER\OF_V0.8.4_VS_RELEASE\APPS\MYAPPS\FISHFRENZY\OBJ\DEBUG\VC110.PDB
C:\USERS\USER\OF_V0.8.4_VS_RELEASE\APPS\MYAPPS\FISHFRENZY\OBJ\DEBUG\OFAPP.OBJ
C:\Users\User\of_v0.8.4_vs_release\apps\myApps\FishFrenzy\bin\FishFrenzy_debug.lib
C:\Users\User\of_v0.8.4_vs_release\apps\myApps\FishFrenzy\bin\FishFrenzy_debug.exp
C:\USERS\USER\OF_V0.8.4_VS_RELEASE\APPS\MYAPPS\FISHFRENZY\BIN\FISHFRENZY_DEBUG.ILK
C:\USERS\USER\OF_V0.8.4_VS_RELEASE\APPS\MYAPPS\FISHFRENZY\BIN\FISHFRENZY_DEBUG.EXE
C:\USERS\USER\OF_V0.8.4_VS_RELEASE\APPS\MYAPPS\FISHFRENZY\BIN\FISHFRENZY_DEBUG.PDB
C:\USERS\USER\OF_V0.8.4_VS_RELEASE\APPS\MYAPPS\FISHFRENZY\OBJ\DEBUG\ICON.RES
C:\Users\User\of_v0.8.4_vs_release\apps\myApps\FishFrenzy\obj\Debug\FishFrenzy.vcxprojResolveAssemblyReference.cache
C:\Users\User\of_v0.8.4_vs_release\apps\myApps\FishFrenzy\obj\Debug\audio.obj
C:\Users\User\of_v0.8.4_vs_release\apps\myApps\FishFrenzy\obj\Debug\b2BlockAllocator.obj
C:\Users\User\of_v0.8.4_vs_release\apps\myApps\FishFrenzy\obj\Debug\b2Body.obj
C:\Users\User\of_v0.8.4_vs_release\apps\myApps\FishFrenzy\obj\Debug\b2BroadPhase.obj
C:\Users\User\of_v0.8.4_vs_release\apps\myApps\FishFrenzy\obj\Debug\b2ChainAndCircleContact.obj
C:\Users\User\of_v0.8.4_vs_release\apps\myApps\FishFrenzy\obj\Debug\b2ChainAndPolygonContact.obj
C:\Users\User\of_v0.8.4_vs_release\apps\myApps\FishFrenzy\obj\Debug\b2ChainShape.obj
C:\Users\User\of_v0.8.4_vs_release\apps\myApps\FishFrenzy\obj\Debug\b2CircleContact.obj
C:\Users\User\of_v0.8.4_vs_release\apps\myApps\FishFrenzy\obj\Debug\b2CircleShape.obj
C:\Users\User\of_v0.8.4_vs_release\apps\myApps\FishFrenzy\obj\Debug\b2CollideCircle.obj
C:\Users\User\of_v0.8.4_vs_release\apps\myApps\FishFrenzy\obj\Debug\b2CollideEdge.obj
C:\Users\User\of_v0.8.4_vs_release\apps\myApps\FishFrenzy\obj\Debug\b2CollidePolygon.obj
C:\Users\User\of_v0.8.4_vs_release\apps\myApps\FishFrenzy\obj\Debug\b2Collision.obj
C:\Users\User\of_v0.8.4_vs_release\apps\myApps\FishFrenzy\obj\Debug\b2Contact.obj
C:\Users\User\of_v0.8.4_vs_release\apps\myApps\FishFrenzy\obj\Debug\b2ContactManager.obj
C:\Users\User\of_v0.8.4_vs_release\apps\myApps\FishFrenzy\obj\Debug\b2ContactSolver.obj
C:\Users\User\of_v0.8.4_vs_release\apps\myApps\FishFrenzy\obj\Debug\b2Distance.obj
C:\Users\User\of_v0.8.4_vs_release\apps\myApps\FishFrenzy\obj\Debug\b2DistanceJoint.obj
C:\Users\User\of_v0.8.4_vs_release\apps\myApps\FishFrenzy\obj\Debug\b2Draw.obj
C:\Users\User\of_v0.8.4_vs_release\apps\myApps\FishFrenzy\obj\Debug\b2DynamicTree.obj
C:\Users\User\of_v0.8.4_vs_release\apps\myApps\FishFrenzy\obj\Debug\b2EdgeAndCircleContact.obj
C:\Users\User\of_v0.8.4_vs_release\apps\myApps\FishFrenzy\obj\Debug\b2EdgeAndPolygonContact.obj
C:\Users\User\of_v0.8.4_vs_release\apps\myApps\FishFrenzy\obj\Debug\b2EdgeShape.obj
C:\Users\User\of_v0.8.4_vs_release\apps\myApps\FishFrenzy\obj\Debug\b2Fixture.obj
C:\Users\User\of_v0.8.4_vs_release\apps\myApps\FishFrenzy\obj\Debug\b2FrictionJoint.obj
C:\Users\User\of_v0.8.4_vs_release\apps\myApps\FishFrenzy\obj\Debug\b2GearJoint.obj
C:\Users\User\of_v0.8.4_vs_release\apps\myApps\FishFrenzy\obj\Debug\b2Island.obj
C:\Users\User\of_v0.8.4_vs_release\apps\myApps\FishFrenzy\obj\Debug\b2Joint.obj
C:\Users\User\of_v0.8.4_vs_release\apps\myApps\FishFrenzy\obj\Debug\b2Math.obj
C:\Users\User\of_v0.8.4_vs_release\apps\myApps\FishFrenzy\obj\Debug\b2MotorJoint.obj
C:\Users\User\of_v0.8.4_vs_release\apps\myApps\FishFrenzy\obj\Debug\b2MouseJoint.obj
C:\Users\User\of_v0.8.4_vs_release\apps\myApps\FishFrenzy\obj\Debug\b2PolygonAndCircleContact.obj
C:\Users\User\of_v0.8.4_vs_release\apps\myApps\FishFrenzy\obj\Debug\b2PolygonContact.obj
C:\Users\User\of_v0.8.4_vs_release\apps\myApps\FishFrenzy\obj\Debug\b2PolygonShape.obj
C:\Users\User\of_v0.8.4_vs_release\apps\myApps\FishFrenzy\obj\Debug\b2PrismaticJoint.obj
C:\Users\User\of_v0.8.4_vs_release\apps\myApps\FishFrenzy\obj\Debug\b2PulleyJoint.obj
C:\Users\User\of_v0.8.4_vs_release\apps\myApps\FishFrenzy\obj\Debug\b2RevoluteJoint.obj
C:\Users\User\of_v0.8.4_vs_release\apps\myApps\FishFrenzy\obj\Debug\b2Rope.obj
C:\Users\User\of_v0.8.4_vs_release\apps\myApps\FishFrenzy\obj\Debug\b2RopeJoint.obj
C:\Users\User\of_v0.8.4_vs_release\apps\myApps\FishFrenzy\obj\Debug\b2Settings.obj
C:\Users\User\of_v0.8.4_vs_release\apps\myApps\FishFrenzy\obj\Debug\b2StackAllocator.obj
C:\Users\User\of_v0.8.4_vs_release\apps\myApps\FishFrenzy\obj\Debug\b2TimeOfImpact.obj
C:\Users\User\of_v0.8.4_vs_release\apps\myApps\FishFrenzy\obj\Debug\b2Timer.obj
C:\Users\User\of_v0.8.4_vs_release\apps\myApps\FishFrenzy\obj\Debug\b2WeldJoint.obj
C:\Users\User\of_v0.8.4_vs_release\apps\myApps\FishFrenzy\obj\Debug\b2WheelJoint.obj
C:\Users\User\of_v0.8.4_vs_release\apps\myApps\FishFrenzy\obj\Debug\b2World.obj
C:\Users\User\of_v0.8.4_vs_release\apps\myApps\FishFrenzy\obj\Debug\b2WorldCallbacks.obj
C:\Users\User\of_v0.8.4_vs_release\apps\myApps\FishFrenzy\obj\Debug\Boid2d.obj
C:\Users\User\of_v0.8.4_vs_release\apps\myApps\FishFrenzy\obj\Debug\Boid3d.obj
C:\Users\User\of_v0.8.4_vs_release\apps\myApps\FishFrenzy\obj\Debug\cameras.obj
C:\Users\User\of_v0.8.4_vs_release\apps\myApps\FishFrenzy\obj\Debug\core.obj
C:\Users\User\of_v0.8.4_vs_release\apps\myApps\FishFrenzy\obj\Debug\del_impl.obj
C:\Users\User\of_v0.8.4_vs_release\apps\myApps\FishFrenzy\obj\Debug\failguard.obj
C:\Users\User\of_v0.8.4_vs_release\apps\myApps\FishFrenzy\obj\Debug\flags.obj
C:\Users\User\of_v0.8.4_vs_release\apps\myApps\FishFrenzy\obj\Debug\keep_alive.obj
C:\Users\User\of_v0.8.4_vs_release\apps\myApps\FishFrenzy\obj\Debug\libusbemu.obj
C:\Users\User\of_v0.8.4_vs_release\apps\myApps\FishFrenzy\obj\Debug\loader.obj
C:\Users\User\of_v0.8.4_vs_release\apps\myApps\FishFrenzy\obj\Debug\main.obj
C:\Users\User\of_v0.8.4_vs_release\apps\myApps\FishFrenzy\obj\Debug\ofApp.obj
C:\Users\User\of_v0.8.4_vs_release\apps\myApps\FishFrenzy\obj\Debug\ofxBox2d.obj
C:\Users\User\of_v0.8.4_vs_release\apps\myApps\FishFrenzy\obj\Debug\ofxBox2dBaseShape.obj
C:\Users\User\of_v0.8.4_vs_release\apps\myApps\FishFrenzy\obj\Debug\ofxBox2dCircle.obj
C:\Users\User\of_v0.8.4_vs_release\apps\myApps\FishFrenzy\obj\Debug\ofxBox2dEdge.obj
C:\Users\User\of_v0.8.4_vs_release\apps\myApps\FishFrenzy\obj\Debug\ofxBox2dJoint.obj
C:\Users\User\of_v0.8.4_vs_release\apps\myApps\FishFrenzy\obj\Debug\ofxBox2dPolygon.obj
C:\Users\User\of_v0.8.4_vs_release\apps\myApps\FishFrenzy\obj\Debug\ofxBox2dRect.obj
C:\Users\User\of_v0.8.4_vs_release\apps\myApps\FishFrenzy\obj\Debug\ofxCvColorImage.obj
C:\Users\User\of_v0.8.4_vs_release\apps\myApps\FishFrenzy\obj\Debug\ofxCvContourFinder.obj
C:\Users\User\of_v0.8.4_vs_release\apps\myApps\FishFrenzy\obj\Debug\ofxCvFloatImage.obj
C:\Users\User\of_v0.8.4_vs_release\apps\myApps\FishFrenzy\obj\Debug\ofxCvGrayscaleImage.obj
C:\Users\User\of_v0.8.4_vs_release\apps\myApps\FishFrenzy\obj\Debug\ofxCvHaarFinder.obj
C:\Users\User\of_v0.8.4_vs_release\apps\myApps\FishFrenzy\obj\Debug\ofxCvImage.obj
C:\Users\User\of_v0.8.4_vs_release\apps\myApps\FishFrenzy\obj\Debug\ofxCvShortImage.obj
C:\Users\User\of_v0.8.4_vs_release\apps\myApps\FishFrenzy\obj\Debug\ofxKinect.obj
C:\Users\User\of_v0.8.4_vs_release\apps\myApps\FishFrenzy\obj\Debug\ofxKinectExtras.obj
C:\Users\User\of_v0.8.4_vs_release\apps\myApps\FishFrenzy\obj\Debug\registration.obj
C:\Users\User\of_v0.8.4_vs_release\apps\myApps\FishFrenzy\obj\Debug\tilt.obj
C:\Users\User\of_v0.8.4_vs_release\apps\myApps\FishFrenzy\obj\Debug\usb_libusb10.obj
C:\Users\User\of_v0.8.4_vs_release\apps\myApps\FishFrenzy\obj\Debug\cl.command.1.tlog
C:\Users\User\of_v0.8.4_vs_release\apps\myApps\FishFrenzy\obj\Debug\CL.read.1.tlog
C:\Users\User\of_v0.8.4_vs_release\apps\myApps\FishFrenzy\obj\Debug\CL.write.1.tlog
C:\Users\User\of_v0.8.4_vs_release\apps\myApps\FishFrenzy\obj\Debug\FishFrenzy.write.1.tlog
C:\Users\User\of_v0.8.4_vs_release\apps\myApps\FishFrenzy\obj\Debug\link-cvtres.read.1.tlog
C:\Users\User\of_v0.8.4_vs_release\apps\myApps\FishFrenzy\obj\Debug\link-cvtres.write.1.tlog
C:\Users\User\of_v0.8.4_vs_release\apps\myApps\FishFrenzy\obj\Debug\link-rc.read.1.tlog
C:\Users\User\of_v0.8.4_vs_release\apps\myApps\FishFrenzy\obj\Debug\link-rc.write.1.tlog
C:\Users\User\of_v0.8.4_vs_release\apps\myApps\FishFrenzy\obj\Debug\link.11932-cvtres.read.1.tlog
C:\Users\User\of_v0.8.4_vs_release\apps\myApps\FishFrenzy\obj\Debug\link.11932-cvtres.write.1.tlog
C:\Users\User\of_v0.8.4_vs_release\apps\myApps\FishFrenzy\obj\Debug\link.11932-rc.read.1.tlog
C:\Users\User\of_v0.8.4_vs_release\apps\myApps\FishFrenzy\obj\Debug\link.11932-rc.write.1.tlog
C:\Users\User\of_v0.8.4_vs_release\apps\myApps\FishFrenzy\obj\Debug\link.11932.read.1.tlog
C:\Users\User\of_v0.8.4_vs_release\apps\myApps\FishFrenzy\obj\Debug\link.11932.write.1.tlog
C:\Users\User\of_v0.8.4_vs_release\apps\myApps\FishFrenzy\obj\Debug\link.18748-cvtres.read.1.tlog
C:\Users\User\of_v0.8.4_vs_release\apps\myApps\FishFrenzy\obj\Debug\link.18748-cvtres.write.1.tlog
C:\Users\User\of_v0.8.4_vs_release\apps\myApps\FishFrenzy\obj\Debug\link.18748-rc.read.1.tlog
C:\Users\User\of_v0.8.4_vs_release\apps\myApps\FishFrenzy\obj\Debug\link.18748-rc.write.1.tlog
C:\Users\User\of_v0.8.4_vs_release\apps\myApps\FishFrenzy\obj\Debug\link.18748.read.1.tlog
C:\Users\User\of_v0.8.4_vs_release\apps\myApps\FishFrenzy\obj\Debug\link.18748.write.1.tlog
C:\Users\User\of_v0.8.4_vs_release\apps\myApps\FishFrenzy\obj\Debug\link.18824-cvtres.read.1.tlog
C:\Users\User\of_v0.8.4_vs_release\apps\myApps\FishFrenzy\obj\Debug\link.18824-cvtres.write.1.tlog
C:\Users\User\of_v0.8.4_vs_release\apps\myApps\FishFrenzy\obj\Debug\link.18824-rc.read.1.tlog
C:\Users\User\of_v0.8.4_vs_release\apps\myApps\FishFrenzy\obj\Debug\link.18824-rc.write.1.tlog
C:\Users\User\of_v0.8.4_vs_release\apps\myApps\FishFrenzy\obj\Debug\link.18824.read.1.tlog
C:\Users\User\of_v0.8.4_vs_release\apps\myApps\FishFrenzy\obj\Debug\link.18824.write.1.tlog
C:\Users\User\of_v0.8.4_vs_release\apps\myApps\FishFrenzy\obj\Debug\link.19956-cvtres.read.1.tlog
C:\Users\User\of_v0.8.4_vs_release\apps\myApps\FishFrenzy\obj\Debug\link.19956-cvtres.write.1.tlog
C:\Users\User\of_v0.8.4_vs_release\apps\myApps\FishFrenzy\obj\Debug\link.19956-rc.read.1.tlog
C:\Users\User\of_v0.8.4_vs_release\apps\myApps\FishFrenzy\obj\Debug\link.19956-rc.write.1.tlog
C:\Users\User\of_v0.8.4_vs_release\apps\myApps\FishFrenzy\obj\Debug\link.19956.read.1.tlog
C:\Users\User\of_v0.8.4_vs_release\apps\myApps\FishFrenzy\obj\Debug\link.19956.write.1.tlog
C:\Users\User\of_v0.8.4_vs_release\apps\myApps\FishFrenzy\obj\Debug\link.20132-cvtres.read.1.tlog
C:\Users\User\of_v0.8.4_vs_release\apps\myApps\FishFrenzy\obj\Debug\link.20132-cvtres.write.1.tlog
C:\Users\User\of_v0.8.4_vs_release\apps\myApps\FishFrenzy\obj\Debug\link.20132-rc.read.1.tlog
C:\Users\User\of_v0.8.4_vs_release\apps\myApps\FishFrenzy\obj\Debug\link.20132-rc.write.1.tlog
C:\Users\User\of_v0.8.4_vs_release\apps\myApps\FishFrenzy\obj\Debug\link.20132.read.1.tlog
C:\Users\User\of_v0.8.4_vs_release\apps\myApps\FishFrenzy\obj\Debug\link.20132.write.1.tlog
C:\Users\User\of_v0.8.4_vs_release\apps\myApps\FishFrenzy\obj\Debug\link.20204-cvtres.read.1.tlog
C:\Users\User\of_v0.8.4_vs_release\apps\myApps\FishFrenzy\obj\Debug\link.20204-cvtres.write.1.tlog
C:\Users\User\of_v0.8.4_vs_release\apps\myApps\FishFrenzy\obj\Debug\link.20204-rc.read.1.tlog
C:\Users\User\of_v0.8.4_vs_release\apps\myApps\FishFrenzy\obj\Debug\link.20204-rc.write.1.tlog
C:\Users\User\of_v0.8.4_vs_release\apps\myApps\FishFrenzy\obj\Debug\link.20204.read.1.tlog
C:\Users\User\of_v0.8.4_vs_release\apps\myApps\FishFrenzy\obj\Debug\link.20204.write.1.tlog
C:\Users\User\of_v0.8.4_vs_release\apps\myApps\FishFrenzy\obj\Debug\link.21044-cvtres.read.1.tlog
C:\Users\User\of_v0.8.4_vs_release\apps\myApps\FishFrenzy\obj\Debug\link.21044-cvtres.write.1.tlog
C:\Users\User\of_v0.8.4_vs_release\apps\myApps\FishFrenzy\obj\Debug\link.21044-rc.read.1.tlog
C:\Users\User\of_v0.8.4_vs_release\apps\myApps\FishFrenzy\obj\Debug\link.21044-rc.write.1.tlog
C:\Users\User\of_v0.8.4_vs_release\apps\myApps\FishFrenzy\obj\Debug\link.21044.read.1.tlog
C:\Users\User\of_v0.8.4_vs_release\apps\myApps\FishFrenzy\obj\Debug\link.21044.write.1.tlog
C:\Users\User\of_v0.8.4_vs_release\apps\myApps\FishFrenzy\obj\Debug\link.21184-cvtres.read.1.tlog
C:\Users\User\of_v0.8.4_vs_release\apps\myApps\FishFrenzy\obj\Debug\link.21184-cvtres.write.1.tlog
C:\Users\User\of_v0.8.4_vs_release\apps\myApps\FishFrenzy\obj\Debug\link.21184-rc.read.1.tlog
C:\Users\User\of_v0.8.4_vs_release\apps\myApps\FishFrenzy\obj\Debug\link.21184-rc.write.1.tlog
C:\Users\User\of_v0.8.4_vs_release\apps\myApps\FishFrenzy\obj\Debug\link.21184.read.1.tlog
C:\Users\User\of_v0.8.4_vs_release\apps\myApps\FishFrenzy\obj\Debug\link.21184.write.1.tlog
C:\Users\User\of_v0.8.4_vs_release\apps\myApps\FishFrenzy\obj\Debug\link.21356-cvtres.read.1.tlog
C:\Users\User\of_v0.8.4_vs_release\apps\myApps\FishFrenzy\obj\Debug\link.21356-cvtres.write.1.tlog
C:\Users\User\of_v0.8.4_vs_release\apps\myApps\FishFrenzy\obj\Debug\link.21356-rc.read.1.tlog
C:\Users\User\of_v0.8.4_vs_release\apps\myApps\FishFrenzy\obj\Debug\link.21356-rc.write.1.tlog
C:\Users\User\of_v0.8.4_vs_release\apps\myApps\FishFrenzy\obj\Debug\link.21356.read.1.tlog
C:\Users\User\of_v0.8.4_vs_release\apps\myApps\FishFrenzy\obj\Debug\link.21356.write.1.tlog
C:\Users\User\of_v0.8.4_vs_release\apps\myApps\FishFrenzy\obj\Debug\link.21552-cvtres.read.1.tlog
C:\Users\User\of_v0.8.4_vs_release\apps\myApps\FishFrenzy\obj\Debug\link.21552-cvtres.write.1.tlog
C:\Users\User\of_v0.8.4_vs_release\apps\myApps\FishFrenzy\obj\Debug\link.21552-rc.read.1.tlog
C:\Users\User\of_v0.8.4_vs_release\apps\myApps\FishFrenzy\obj\Debug\link.21552-rc.write.1.tlog
C:\Users\User\of_v0.8.4_vs_release\apps\myApps\FishFrenzy\obj\Debug\link.21552.read.1.tlog
C:\Users\User\of_v0.8.4_vs_release\apps\myApps\FishFrenzy\obj\Debug\link.21552.write.1.tlog
C:\Users\User\of_v0.8.4_vs_release\apps\myApps\FishFrenzy\obj\Debug\link.21664-cvtres.read.1.tlog
C:\Users\User\of_v0.8.4_vs_release\apps\myApps\FishFrenzy\obj\Debug\link.21664-cvtres.write.1.tlog
C:\Users\User\of_v0.8.4_vs_release\apps\myApps\FishFrenzy\obj\Debug\link.21664-rc.read.1.tlog
C:\Users\User\of_v0.8.4_vs_release\apps\myApps\FishFrenzy\obj\Debug\link.21664-rc.write.1.tlog
C:\Users\User\of_v0.8.4_vs_release\apps\myApps\FishFrenzy\obj\Debug\link.21664.read.1.tlog
C:\Users\User\of_v0.8.4_vs_release\apps\myApps\FishFrenzy\obj\Debug\link.21664.write.1.tlog
C:\Users\User\of_v0.8.4_vs_release\apps\myApps\FishFrenzy\obj\Debug\link.21888-cvtres.read.1.tlog
C:\Users\User\of_v0.8.4_vs_release\apps\myApps\FishFrenzy\obj\Debug\link.21888-cvtres.write.1.tlog
C:\Users\User\of_v0.8.4_vs_release\apps\myApps\FishFrenzy\obj\Debug\link.21888-rc.read.1.tlog
C:\Users\User\of_v0.8.4_vs_release\apps\myApps\FishFrenzy\obj\Debug\link.21888-rc.write.1.tlog
C:\Users\User\of_v0.8.4_vs_release\apps\myApps\FishFrenzy\obj\Debug\link.21888.read.1.tlog
C:\Users\User\of_v0.8.4_vs_release\apps\myApps\FishFrenzy\obj\Debug\link.21888.write.1.tlog
C:\Users\User\of_v0.8.4_vs_release\apps\myApps\FishFrenzy\obj\Debug\link.22172-cvtres.read.1.tlog
C:\Users\User\of_v0.8.4_vs_release\apps\myApps\FishFrenzy\obj\Debug\link.22172-cvtres.write.1.tlog
C:\Users\User\of_v0.8.4_vs_release\apps\myApps\FishFrenzy\obj\Debug\link.22172-rc.read.1.tlog
C:\Users\User\of_v0.8.4_vs_release\apps\myApps\FishFrenzy\obj\Debug\link.22172-rc.write.1.tlog
C:\Users\User\of_v0.8.4_vs_release\apps\myApps\FishFrenzy\obj\Debug\link.22172.read.1.tlog
C:\Users\User\of_v0.8.4_vs_release\apps\myApps\FishFrenzy\obj\Debug\link.22172.write.1.tlog
C:\Users\User\of_v0.8.4_vs_release\apps\myApps\FishFrenzy\obj\Debug\link.22340-cvtres.read.1.tlog
C:\Users\User\of_v0.8.4_vs_release\apps\myApps\FishFrenzy\obj\Debug\link.22340-cvtres.write.1.tlog
C:\Users\User\of_v0.8.4_vs_release\apps\myApps\FishFrenzy\obj\Debug\link.22340-rc.read.1.tlog
C:\Users\User\of_v0.8.4_vs_release\apps\myApps\FishFrenzy\obj\Debug\link.22340-rc.write.1.tlog
C:\Users\User\of_v0.8.4_vs_release\apps\myApps\FishFrenzy\obj\Debug\link.22340.read.1.tlog
C:\Users\User\of_v0.8.4_vs_release\apps\myApps\FishFrenzy\obj\Debug\link.22340.write.1.tlog
C:\Users\User\of_v0.8.4_vs_release\apps\myApps\FishFrenzy\obj\Debug\link.28196-cvtres.read.1.tlog
C:\Users\User\of_v0.8.4_vs_release\apps\myApps\FishFrenzy\obj\Debug\link.28196-cvtres.write.1.tlog
C:\Users\User\of_v0.8.4_vs_release\apps\myApps\FishFrenzy\obj\Debug\link.28196-rc.read.1.tlog
C:\Users\User\of_v0.8.4_vs_release\apps\myApps\FishFrenzy\obj\Debug\link.28196-rc.write.1.tlog
C:\Users\User\of_v0.8.4_vs_release\apps\myApps\FishFrenzy\obj\Debug\link.28196.read.1.tlog
C:\Users\User\of_v0.8.4_vs_release\apps\myApps\FishFrenzy\obj\Debug\link.28196.write.1.tlog
C:\Users\User\of_v0.8.4_vs_release\apps\myApps\FishFrenzy\obj\Debug\link.28456-cvtres.read.1.tlog
C:\Users\User\of_v0.8.4_vs_release\apps\myApps\FishFrenzy\obj\Debug\link.28456-cvtres.write.1.tlog
C:\Users\User\of_v0.8.4_vs_release\apps\myApps\FishFrenzy\obj\Debug\link.28456-rc.read.1.tlog
C:\Users\User\of_v0.8.4_vs_release\apps\myApps\FishFrenzy\obj\Debug\link.28456-rc.write.1.tlog
C:\Users\User\of_v0.8.4_vs_release\apps\myApps\FishFrenzy\obj\Debug\link.28456.read.1.tlog
C:\Users\User\of_v0.8.4_vs_release\apps\myApps\FishFrenzy\obj\Debug\link.28456.write.1.tlog
C:\Users\User\of_v0.8.4_vs_release\apps\myApps\FishFrenzy\obj\Debug\link.31364-cvtres.read.1.tlog
C:\Users\User\of_v0.8.4_vs_release\apps\myApps\FishFrenzy\obj\Debug\link.31364-cvtres.write.1.tlog
C:\Users\User\of_v0.8.4_vs_release\apps\myApps\FishFrenzy\obj\Debug\link.31364-rc.read.1.tlog
C:\Users\User\of_v0.8.4_vs_release\apps\myApps\FishFrenzy\obj\Debug\link.31364-rc.write.1.tlog
C:\Users\User\of_v0.8.4_vs_release\apps\myApps\FishFrenzy\obj\Debug\link.31364.read.1.tlog
C:\Users\User\of_v0.8.4_vs_release\apps\myApps\FishFrenzy\obj\Debug\link.31364.write.1.tlog
C:\Users\User\of_v0.8.4_vs_release\apps\myApps\FishFrenzy\obj\Debug\link.35916-cvtres.read.1.tlog
C:\Users\User\of_v0.8.4_vs_release\apps\myApps\FishFrenzy\obj\Debug\link.35916-cvtres.write.1.tlog
C:\Users\User\of_v0.8.4_vs_release\apps\myApps\FishFrenzy\obj\Debug\link.35916-rc.read.1.tlog
C:\Users\User\of_v0.8.4_vs_release\apps\myApps\FishFrenzy\obj\Debug\link.35916-rc.write.1.tlog
C:\Users\User\of_v0.8.4_vs_release\apps\myApps\FishFrenzy\obj\Debug\link.35916.read.1.tlog
C:\Users\User\of_v0.8.4_vs_release\apps\myApps\FishFrenzy\obj\Debug\link.35916.write.1.tlog
C:\Users\User\of_v0.8.4_vs_release\apps\myApps\FishFrenzy\obj\Debug\link.6032-cvtres.read.1.tlog
C:\Users\User\of_v0.8.4_vs_release\apps\myApps\FishFrenzy\obj\Debug\link.6032-cvtres.write.1.tlog
C:\Users\User\of_v0.8.4_vs_release\apps\myApps\FishFrenzy\obj\Debug\link.6032-rc.read.1.tlog
C:\Users\User\of_v0.8.4_vs_release\apps\myApps\FishFrenzy\obj\Debug\link.6032-rc.write.1.tlog
C:\Users\User\of_v0.8.4_vs_release\apps\myApps\FishFrenzy\obj\Debug\link.6032.read.1.tlog
C:\Users\User\of_v0.8.4_vs_release\apps\myApps\FishFrenzy\obj\Debug\link.6032.write.1.tlog
C:\Users\User\of_v0.8.4_vs_release\apps\myApps\FishFrenzy\obj\Debug\link.6864-cvtres.read.1.tlog
C:\Users\User\of_v0.8.4_vs_release\apps\myApps\FishFrenzy\obj\Debug\link.6864-cvtres.write.1.tlog
C:\Users\User\of_v0.8.4_vs_release\apps\myApps\FishFrenzy\obj\Debug\link.6864-rc.read.1.tlog
C:\Users\User\of_v0.8.4_vs_release\apps\myApps\FishFrenzy\obj\Debug\link.6864-rc.write.1.tlog
C:\Users\User\of_v0.8.4_vs_release\apps\myApps\FishFrenzy\obj\Debug\link.6864.read.1.tlog
C:\Users\User\of_v0.8.4_vs_release\apps\myApps\FishFrenzy\obj\Debug\link.6864.write.1.tlog
C:\Users\User\of_v0.8.4_vs_release\apps\myApps\FishFrenzy\obj\Debug\link.command.1.tlog
C:\Users\User\of_v0.8.4_vs_release\apps\myApps\FishFrenzy\obj\Debug\link.read.1.tlog
C:\Users\User\of_v0.8.4_vs_release\apps\myApps\FishFrenzy\obj\Debug\link.write.1.tlog
C:\Users\User\of_v0.8.4_vs_release\apps\myApps\FishFrenzy\obj\Debug\rc.command.1.tlog
C:\Users\User\of_v0.8.4_vs_release\apps\myApps\FishFrenzy\obj\Debug\rc.read.1.tlog
C:\Users\User\of_v0.8.4_vs_release\apps\myApps\FishFrenzy\obj\Debug\rc.write.1.tlog
C:\Users\User\of_v0.8.4_vs_release\apps\myApps\FishFrenzy\obj\Debug\icon.res
C:\Users\User\of_v0.8.4_vs_release\apps\myApps\FishFrenzy\obj\Debug\vc110.idb
C:\Users\User\of_v0.8.4_vs_release\apps\myApps\FishFrenzy\obj\Debug\vc110.pdb
C:\Users\User\of_v0.8.4_vs_release\apps\myApps\FishFrenzy\bin\FishFrenzy_debug.exe
