Build started 28-1-2015 10:23:55.
     1>Project "C:\Users\User\of_v0.8.4_vs_release\apps\myApps\PWSProject\Fishy.vcxproj" on node 2 (Build target(s)).
     1>Link:
         Fishy.vcxproj -> C:\Users\User\of_v0.8.4_vs_release\apps\myApps\PWSProject\bin\Fishy_debug.exe
       PostBuildEvent:
         xcopy /e /i /y "C:\Users\User\of_v0.8.4_vs_release\apps\myApps\PWSProject\..\..\..\export\vs\*.dll" "C:\Users\User\of_v0.8.4_vs_release\apps\myApps\PWSProject\bin"
         :VCEnd
         C:\Users\User\of_v0.8.4_vs_release\apps\myApps\PWSProject\..\..\..\export\vs\Assimp32.dll
         C:\Users\User\of_v0.8.4_vs_release\apps\myApps\PWSProject\..\..\..\export\vs\fmodex.dll
         C:\Users\User\of_v0.8.4_vs_release\apps\myApps\PWSProject\..\..\..\export\vs\fmodexL.dll
         C:\Users\User\of_v0.8.4_vs_release\apps\myApps\PWSProject\..\..\..\export\vs\FreeImage.dll
         C:\Users\User\of_v0.8.4_vs_release\apps\myApps\PWSProject\..\..\..\export\vs\FreeType-6.dll
         C:\Users\User\of_v0.8.4_vs_release\apps\myApps\PWSProject\..\..\..\export\vs\glut32.dll
         C:\Users\User\of_v0.8.4_vs_release\apps\myApps\PWSProject\..\..\..\export\vs\libeay32.dll
         C:\Users\User\of_v0.8.4_vs_release\apps\myApps\PWSProject\..\..\..\export\vs\ssleay32.dll
         C:\Users\User\of_v0.8.4_vs_release\apps\myApps\PWSProject\..\..\..\export\vs\Zlib.dll
         9 File(s) copied
     1>Done Building Project "C:\Users\User\of_v0.8.4_vs_release\apps\myApps\PWSProject\Fishy.vcxproj" (Build target(s)).

Build succeeded.

Time Elapsed 00:00:00.98
