Build started 17-1-2015 22:48:14.
     1>Project "C:\Users\User\of_v0.8.4_vs_release\apps\myApps\FishFrenzy\FishFrenzy.vcxproj" on node 2 (Build target(s)).
     1>Link:
         FishFrenzy.vcxproj -> C:\Users\User\of_v0.8.4_vs_release\apps\myApps\FishFrenzy\bin\FishFrenzy_debug.exe
       PostBuildEvent:
         xcopy /e /i /y "C:\Users\User\of_v0.8.4_vs_release\apps\myApps\FishFrenzy\..\..\..\export\vs\*.dll" "C:\Users\User\of_v0.8.4_vs_release\apps\myApps\FishFrenzy\bin"
         :VCEnd
         C:\Users\User\of_v0.8.4_vs_release\apps\myApps\FishFrenzy\..\..\..\export\vs\Assimp32.dll
         C:\Users\User\of_v0.8.4_vs_release\apps\myApps\FishFrenzy\..\..\..\export\vs\fmodex.dll
         C:\Users\User\of_v0.8.4_vs_release\apps\myApps\FishFrenzy\..\..\..\export\vs\fmodexL.dll
         C:\Users\User\of_v0.8.4_vs_release\apps\myApps\FishFrenzy\..\..\..\export\vs\FreeImage.dll
         C:\Users\User\of_v0.8.4_vs_release\apps\myApps\FishFrenzy\..\..\..\export\vs\FreeType-6.dll
         C:\Users\User\of_v0.8.4_vs_release\apps\myApps\FishFrenzy\..\..\..\export\vs\glut32.dll
         C:\Users\User\of_v0.8.4_vs_release\apps\myApps\FishFrenzy\..\..\..\export\vs\libeay32.dll
         C:\Users\User\of_v0.8.4_vs_release\apps\myApps\FishFrenzy\..\..\..\export\vs\ssleay32.dll
         C:\Users\User\of_v0.8.4_vs_release\apps\myApps\FishFrenzy\..\..\..\export\vs\Zlib.dll
         9 File(s) copied
     1>Done Building Project "C:\Users\User\of_v0.8.4_vs_release\apps\myApps\FishFrenzy\FishFrenzy.vcxproj" (Build target(s)).

Build succeeded.

Time Elapsed 00:00:00.38
